SUMMARY OF C0NVERGENCE INFORMATION
  STEP   INC  ATT   ITER     CONT.   RESID.        CORR.RESID.      CORR.
                              EL.    FORCE         DISPFLUX        TEMP.
                              (#)     (%)           (%)(%)         (%)
     1     1     1     1        0  0.0000E+00  0.0000E+00  0.4890E+02  0.1000E+03
     1     1     1     2        0  0.0000E+00  0.0000E+00  0.0000E+00  0.9170E-11
     1     2     1     1        0  0.0000E+00  0.0000E+00  0.3126E+02  0.1000E+03
     1     2     1     2        0  0.0000E+00  0.0000E+00  0.0000E+00  0.1296E-10
     1     3     1     1        0  0.0000E+00  0.0000E+00  0.2868E+02  0.1000E+03
     1     3     1     2        0  0.0000E+00  0.0000E+00  0.0000E+00  0.1360E-10
     1     4     1     1        0  0.0000E+00  0.0000E+00  0.2798E+02  0.1000E+03
     1     4     1     2        0  0.0000E+00  0.0000E+00  0.0000E+00  0.1373E-10
     1     5     1     1        0  0.0000E+00  0.0000E+00  0.2767E+02  0.1000E+03
     1     5     1     2        0  0.0000E+00  0.0000E+00  0.0000E+00  0.1378E-10
     1     6     1     1        0  0.0000E+00  0.0000E+00  0.2749E+02  0.1000E+03
     1     6     1     2        0  0.0000E+00  0.0000E+00  0.0000E+00  0.1382E-10
     1     7     1     1        0  0.0000E+00  0.0000E+00  0.2737E+02  0.1000E+03
     1     7     1     2        0  0.0000E+00  0.0000E+00  0.0000E+00  0.1373E-10
     1     8     1     1        0  0.0000E+00  0.0000E+00  0.2728E+02  0.1000E+03
     1     8     1     2        0  0.0000E+00  0.0000E+00  0.0000E+00  0.1366E-10
     1     9     1     1        0  0.0000E+00  0.0000E+00  0.2721E+02  0.1000E+03
     1     9     1     2        0  0.0000E+00  0.0000E+00  0.0000E+00  0.1376E-10
     1    10     1     1        0  0.0000E+00  0.0000E+00  0.2715E+02  0.1000E+03
     1    10     1     2        0  0.0000E+00  0.0000E+00  0.0000E+00  0.1374E-10
     1    11     1     1        0  0.0000E+00  0.0000E+00  0.2711E+02  0.1000E+03
     1    11     1     2        0  0.0000E+00  0.0000E+00  0.0000E+00  0.1381E-10
     1    12     1     1        0  0.0000E+00  0.0000E+00  0.2707E+02  0.1000E+03
     1    12     1     2        0  0.0000E+00  0.0000E+00  0.0000E+00  0.1387E-10
     1    13     1     1        0  0.0000E+00  0.0000E+00  0.2704E+02  0.1000E+03
     1    13     1     2        0  0.0000E+00  0.0000E+00  0.0000E+00  0.1383E-10
     1    14     1     1        0  0.0000E+00  0.0000E+00  0.2701E+02  0.1000E+03
     1    14     1     2        0  0.0000E+00  0.0000E+00  0.0000E+00  0.1393E-10
     1    15     1     1        0  0.0000E+00  0.0000E+00  0.2699E+02  0.1000E+03
     1    15     1     2        0  0.0000E+00  0.0000E+00  0.0000E+00  0.1379E-10
     1    16     1     1        0  0.0000E+00  0.0000E+00  0.2697E+02  0.1000E+03
     1    16     1     2        0  0.0000E+00  0.0000E+00  0.0000E+00  0.1407E-10
     1    17     1     1        0  0.0000E+00  0.0000E+00  0.2695E+02  0.1000E+03
     1    17     1     2        0  0.0000E+00  0.0000E+00  0.0000E+00  0.1403E-10
     1    18     1     1        0  0.0000E+00  0.0000E+00  0.2694E+02  0.1000E+03
     1    18     1     2        0  0.0000E+00  0.0000E+00  0.0000E+00  0.1399E-10
     1    19     1     1        0  0.0000E+00  0.0000E+00  0.2692E+02  0.1000E+03
     1    19     1     2        0  0.0000E+00  0.0000E+00  0.0000E+00  0.1391E-10
     1    20     1     1        0  0.0000E+00  0.0000E+00  0.2691E+02  0.1000E+03
     1    20     1     2        0  0.0000E+00  0.0000E+00  0.0000E+00  0.1400E-10
     1    21     1     1        0  0.0000E+00  0.0000E+00  0.2690E+02  0.1000E+03
     1    21     1     2        0  0.0000E+00  0.0000E+00  0.0000E+00  0.1400E-10
     1    22     1     1        0  0.0000E+00  0.0000E+00  0.2689E+02  0.1000E+03
     1    22     1     2        0  0.0000E+00  0.0000E+00  0.0000E+00  0.1389E-10
     1    23     1     1        0  0.0000E+00  0.0000E+00  0.2688E+02  0.1000E+03
     1    23     1     2        0  0.0000E+00  0.0000E+00  0.0000E+00  0.1413E-10
     1    24     1     1        0  0.0000E+00  0.0000E+00  0.2687E+02  0.1000E+03
     1    24     1     2        0  0.0000E+00  0.0000E+00  0.0000E+00  0.1410E-10
     1    25     1     1        0  0.0000E+00  0.0000E+00  0.2686E+02  0.1000E+03
     1    25     1     2        0  0.0000E+00  0.0000E+00  0.0000E+00  0.1410E-10
     1    26     1     1        0  0.0000E+00  0.0000E+00  0.2685E+02  0.1000E+03
     1    26     1     2        0  0.0000E+00  0.0000E+00  0.0000E+00  0.1387E-10
     1    27     1     1        0  0.0000E+00  0.0000E+00  0.2685E+02  0.1000E+03
     1    27     1     2        0  0.0000E+00  0.0000E+00  0.0000E+00  0.1432E-10
     1    28     1     1        0  0.0000E+00  0.0000E+00  0.2684E+02  0.1000E+03
     1    28     1     2        0  0.0000E+00  0.0000E+00  0.0000E+00  0.1394E-10
     1    29     1     1        0  0.0000E+00  0.0000E+00  0.2683E+02  0.1000E+03
     1    29     1     2        0  0.0000E+00  0.0000E+00  0.0000E+00  0.1409E-10
     1    30     1     1        0  0.0000E+00  0.0000E+00  0.2683E+02  0.1000E+03
     1    30     1     2        0  0.0000E+00  0.0000E+00  0.0000E+00  0.1428E-10
     1    31     1     1        0  0.0000E+00  0.0000E+00  0.2682E+02  0.1000E+03
     1    31     1     2        0  0.0000E+00  0.0000E+00  0.0000E+00  0.1429E-10
     1    32     1     1        0  0.0000E+00  0.0000E+00  0.2682E+02  0.1000E+03
     1    32     1     2        0  0.0000E+00  0.0000E+00  0.0000E+00  0.1409E-10
     1    33     1     1        0  0.0000E+00  0.0000E+00  0.2681E+02  0.1000E+03
     1    33     1     2        0  0.0000E+00  0.0000E+00  0.0000E+00  0.1423E-10
     1    34     1     1        0  0.0000E+00  0.0000E+00  0.2681E+02  0.1000E+03
     1    34     1     2        0  0.0000E+00  0.0000E+00  0.0000E+00  0.1432E-10
     1    35     1     1        0  0.0000E+00  0.0000E+00  0.2680E+02  0.1000E+03
     1    35     1     2        0  0.0000E+00  0.0000E+00  0.0000E+00  0.1418E-10
     1    36     1     1        0  0.0000E+00  0.0000E+00  0.2680E+02  0.1000E+03
     1    36     1     2        0  0.0000E+00  0.0000E+00  0.0000E+00  0.1399E-10
     1    37     1     1        0  0.0000E+00  0.0000E+00  0.2680E+02  0.1000E+03
     1    37     1     2        0  0.0000E+00  0.0000E+00  0.0000E+00  0.1414E-10
     1    38     1     1        0  0.0000E+00  0.0000E+00  0.2679E+02  0.1000E+03
     1    38     1     2        0  0.0000E+00  0.0000E+00  0.0000E+00  0.1415E-10
     1    39     1     1        0  0.0000E+00  0.0000E+00  0.2679E+02  0.1000E+03
     1    39     1     2        0  0.0000E+00  0.0000E+00  0.0000E+00  0.1444E-10
     1    40     1     1        0  0.0000E+00  0.0000E+00  0.2679E+02  0.1000E+03
     1    40     1     2        0  0.0000E+00  0.0000E+00  0.0000E+00  0.1447E-10
     1    41     1     1        0  0.0000E+00  0.0000E+00  0.2678E+02  0.1000E+03
     1    41     1     2        0  0.0000E+00  0.0000E+00  0.0000E+00  0.1463E-10
     1    42     1     1        0  0.0000E+00  0.0000E+00  0.2678E+02  0.1000E+03
     1    42     1     2        0  0.0000E+00  0.0000E+00  0.0000E+00  0.1413E-10
     1    43     1     1        0  0.0000E+00  0.0000E+00  0.2678E+02  0.1000E+03
     1    43     1     2        0  0.0000E+00  0.0000E+00  0.0000E+00  0.1424E-10
     1    44     1     1        0  0.0000E+00  0.0000E+00  0.2678E+02  0.1000E+03
     1    44     1     2        0  0.0000E+00  0.0000E+00  0.0000E+00  0.1437E-10
     1    45     1     1        0  0.0000E+00  0.0000E+00  0.2677E+02  0.1000E+03
     1    45     1     2        0  0.0000E+00  0.0000E+00  0.0000E+00  0.1429E-10
     1    46     1     1        0  0.0000E+00  0.0000E+00  0.2677E+02  0.1000E+03
     1    46     1     2        0  0.0000E+00  0.0000E+00  0.0000E+00  0.1499E-10
     1    47     1     1        0  0.0000E+00  0.0000E+00  0.2677E+02  0.1000E+03
     1    47     1     2        0  0.0000E+00  0.0000E+00  0.0000E+00  0.1438E-10
     1    48     1     1        0  0.0000E+00  0.0000E+00  0.2677E+02  0.1000E+03
     1    48     1     2        0  0.0000E+00  0.0000E+00  0.0000E+00  0.1467E-10
     1    49     1     1        0  0.0000E+00  0.0000E+00  0.2676E+02  0.1000E+03
     1    49     1     2        0  0.0000E+00  0.0000E+00  0.0000E+00  0.1477E-10
     1    50     1     1        0  0.0000E+00  0.0000E+00  0.2676E+02  0.1000E+03
     1    50     1     2        0  0.0000E+00  0.0000E+00  0.0000E+00  0.1467E-10
     1    51     1     1        0  0.0000E+00  0.0000E+00  0.2676E+02  0.1000E+03
     1    51     1     2        0  0.0000E+00  0.0000E+00  0.0000E+00  0.1516E-10
     1    52     1     1        0  0.0000E+00  0.0000E+00  0.2676E+02  0.1000E+03
     1    52     1     2        0  0.0000E+00  0.0000E+00  0.0000E+00  0.1513E-10
     1    53     1     1        0  0.0000E+00  0.0000E+00  0.2676E+02  0.1000E+03
     1    53     1     2        0  0.0000E+00  0.0000E+00  0.0000E+00  0.1505E-10
     1    54     1     1        0  0.0000E+00  0.0000E+00  0.2676E+02  0.1000E+03
     1    54     1     2        0  0.0000E+00  0.0000E+00  0.0000E+00  0.1462E-10
     1    55     1     1        0  0.0000E+00  0.0000E+00  0.2675E+02  0.1000E+03
     1    55     1     2        0  0.0000E+00  0.0000E+00  0.0000E+00  0.1459E-10
     1    56     1     1        0  0.0000E+00  0.0000E+00  0.2675E+02  0.1000E+03
     1    56     1     2        0  0.0000E+00  0.0000E+00  0.0000E+00  0.1491E-10
     1    57     1     1        0  0.0000E+00  0.0000E+00  0.2675E+02  0.1000E+03
     1    57     1     2        0  0.0000E+00  0.0000E+00  0.0000E+00  0.1512E-10
     1    58     1     1        0  0.0000E+00  0.0000E+00  0.2675E+02  0.1000E+03
     1    58     1     2        0  0.0000E+00  0.0000E+00  0.0000E+00  0.1561E-10
     1    59     1     1        0  0.0000E+00  0.0000E+00  0.2675E+02  0.1000E+03
     1    59     1     2        0  0.0000E+00  0.0000E+00  0.0000E+00  0.1535E-10
     1    60     1     1        0  0.0000E+00  0.0000E+00  0.2675E+02  0.1000E+03
     1    60     1     2        0  0.0000E+00  0.0000E+00  0.0000E+00  0.1551E-10
     1    61     1     1        0  0.0000E+00  0.0000E+00  0.2675E+02  0.1000E+03
     1    61     1     2        0  0.0000E+00  0.0000E+00  0.0000E+00  0.1529E-10
     1    62     1     1        0  0.0000E+00  0.0000E+00  0.2674E+02  0.1000E+03
     1    62     1     2        0  0.0000E+00  0.0000E+00  0.0000E+00  0.1581E-10
     1    63     1     1        0  0.0000E+00  0.0000E+00  0.2674E+02  0.1000E+03
     1    63     1     2        0  0.0000E+00  0.0000E+00  0.0000E+00  0.1529E-10
     1    64     1     1        0  0.0000E+00  0.0000E+00  0.2674E+02  0.1000E+03
     1    64     1     2        0  0.0000E+00  0.0000E+00  0.0000E+00  0.1472E-10
     1    65     1     1        0  0.0000E+00  0.0000E+00  0.2674E+02  0.1000E+03
     1    65     1     2        0  0.0000E+00  0.0000E+00  0.0000E+00  0.1480E-10
     1    66     1     1        0  0.0000E+00  0.0000E+00  0.2674E+02  0.1000E+03
     1    66     1     2        0  0.0000E+00  0.0000E+00  0.0000E+00  0.1525E-10
     1    67     1     1        0  0.0000E+00  0.0000E+00  0.2674E+02  0.1000E+03
     1    67     1     2        0  0.0000E+00  0.0000E+00  0.0000E+00  0.1483E-10
     1    68     1     1        0  0.0000E+00  0.0000E+00  0.2674E+02  0.1000E+03
     1    68     1     2        0  0.0000E+00  0.0000E+00  0.0000E+00  0.1467E-10
     1    69     1     1        0  0.0000E+00  0.0000E+00  0.2674E+02  0.1000E+03
     1    69     1     2        0  0.0000E+00  0.0000E+00  0.0000E+00  0.1460E-10
     1    70     1     1        0  0.0000E+00  0.0000E+00  0.2674E+02  0.1000E+03
     1    70     1     2        0  0.0000E+00  0.0000E+00  0.0000E+00  0.1497E-10
     1    71     1     1        0  0.0000E+00  0.0000E+00  0.2673E+02  0.1000E+03
     1    71     1     2        0  0.0000E+00  0.0000E+00  0.0000E+00  0.1549E-10
     1    72     1     1        0  0.0000E+00  0.0000E+00  0.2673E+02  0.1000E+03
     1    72     1     2        0  0.0000E+00  0.0000E+00  0.0000E+00  0.1509E-10
     1    73     1     1        0  0.0000E+00  0.0000E+00  0.2673E+02  0.1000E+03
     1    73     1     2        0  0.0000E+00  0.0000E+00  0.0000E+00  0.1529E-10
     1    74     1     1        0  0.0000E+00  0.0000E+00  0.2673E+02  0.1000E+03
     1    74     1     2        0  0.0000E+00  0.0000E+00  0.0000E+00  0.1567E-10
     1    75     1     1        0  0.0000E+00  0.0000E+00  0.2673E+02  0.1000E+03
     1    75     1     2        0  0.0000E+00  0.0000E+00  0.0000E+00  0.1539E-10
     1    76     1     1        0  0.0000E+00  0.0000E+00  0.2673E+02  0.1000E+03
     1    76     1     2        0  0.0000E+00  0.0000E+00  0.0000E+00  0.1503E-10
     1    77     1     1        0  0.0000E+00  0.0000E+00  0.2673E+02  0.1000E+03
     1    77     1     2        0  0.0000E+00  0.0000E+00  0.0000E+00  0.1578E-10
     1    78     1     1        0  0.0000E+00  0.0000E+00  0.2673E+02  0.1000E+03
     1    78     1     2        0  0.0000E+00  0.0000E+00  0.0000E+00  0.1510E-10
     1    79     1     1        0  0.0000E+00  0.0000E+00  0.2673E+02  0.1000E+03
     1    79     1     2        0  0.0000E+00  0.0000E+00  0.0000E+00  0.1487E-10
     1    80     1     1        0  0.0000E+00  0.0000E+00  0.2673E+02  0.1000E+03
     1    80     1     2        0  0.0000E+00  0.0000E+00  0.0000E+00  0.1589E-10
     1    81     1     1        0  0.0000E+00  0.0000E+00  0.2673E+02  0.1000E+03
     1    81     1     2        0  0.0000E+00  0.0000E+00  0.0000E+00  0.1550E-10
     1    82     1     1        0  0.0000E+00  0.0000E+00  0.2673E+02  0.1000E+03
     1    82     1     2        0  0.0000E+00  0.0000E+00  0.0000E+00  0.1567E-10
     1    83     1     1        0  0.0000E+00  0.0000E+00  0.2672E+02  0.1000E+03
     1    83     1     2        0  0.0000E+00  0.0000E+00  0.0000E+00  0.1534E-10
     1    84     1     1        0  0.0000E+00  0.0000E+00  0.2672E+02  0.1000E+03
     1    84     1     2        0  0.0000E+00  0.0000E+00  0.0000E+00  0.1558E-10
     1    85     1     1        0  0.0000E+00  0.0000E+00  0.2672E+02  0.1000E+03
     1    85     1     2        0  0.0000E+00  0.0000E+00  0.0000E+00  0.1557E-10
     1    86     1     1        0  0.0000E+00  0.0000E+00  0.2672E+02  0.1000E+03
     1    86     1     2        0  0.0000E+00  0.0000E+00  0.0000E+00  0.1509E-10
     1    87     1     1        0  0.0000E+00  0.0000E+00  0.2672E+02  0.1000E+03
     1    87     1     2        0  0.0000E+00  0.0000E+00  0.0000E+00  0.1488E-10
     1    88     1     1        0  0.0000E+00  0.0000E+00  0.2672E+02  0.1000E+03
     1    88     1     2        0  0.0000E+00  0.0000E+00  0.0000E+00  0.1512E-10
     1    89     1     1        0  0.0000E+00  0.0000E+00  0.2672E+02  0.1000E+03
     1    89     1     2        0  0.0000E+00  0.0000E+00  0.0000E+00  0.1603E-10
     1    90     1     1        0  0.0000E+00  0.0000E+00  0.2672E+02  0.1000E+03
     1    90     1     2        0  0.0000E+00  0.0000E+00  0.0000E+00  0.1647E-10
     1    91     1     1        0  0.0000E+00  0.0000E+00  0.2672E+02  0.1000E+03
     1    91     1     2        0  0.0000E+00  0.0000E+00  0.0000E+00  0.1551E-10
     1    92     1     1        0  0.0000E+00  0.0000E+00  0.2672E+02  0.1000E+03
     1    92     1     2        0  0.0000E+00  0.0000E+00  0.0000E+00  0.1549E-10
     1    93     1     1        0  0.0000E+00  0.0000E+00  0.2672E+02  0.1000E+03
     1    93     1     2        0  0.0000E+00  0.0000E+00  0.0000E+00  0.1555E-10
     1    94     1     1        0  0.0000E+00  0.0000E+00  0.2672E+02  0.1000E+03
     1    94     1     2        0  0.0000E+00  0.0000E+00  0.0000E+00  0.1582E-10
     1    95     1     1        0  0.0000E+00  0.0000E+00  0.2672E+02  0.1000E+03
     1    95     1     2        0  0.0000E+00  0.0000E+00  0.0000E+00  0.1584E-10
     1    96     1     1        0  0.0000E+00  0.0000E+00  0.2672E+02  0.1000E+03
     1    96     1     2        0  0.0000E+00  0.0000E+00  0.0000E+00  0.1679E-10
     1    97     1     1        0  0.0000E+00  0.0000E+00  0.2672E+02  0.1000E+03
     1    97     1     2        0  0.0000E+00  0.0000E+00  0.0000E+00  0.1753E-10
     1    98     1     1        0  0.0000E+00  0.0000E+00  0.2672E+02  0.1000E+03
     1    98     1     2        0  0.0000E+00  0.0000E+00  0.0000E+00  0.1678E-10
     1    99     1     1        0  0.0000E+00  0.0000E+00  0.2672E+02  0.1000E+03
     1    99     1     2        0  0.0000E+00  0.0000E+00  0.0000E+00  0.1681E-10
     1   100     1     1        0  0.0000E+00  0.0000E+00  0.2671E+02  0.1000E+03
     1   100     1     2        0  0.0000E+00  0.0000E+00  0.0000E+00  0.1953E-10
